[ 2025-04-17 10:03:23,152 ] 24 root - INFO - Entering intot data scraper..
[ 2025-04-17 10:03:23,153 ] 103 root - INFO - Start initiate_google_maps_data_pull method .
[ 2025-04-17 10:03:23,153 ] 42 root - INFO - Entering into GoogleMapsDataPull...
[ 2025-04-17 10:03:25,150 ] 52 root - INFO - Responsed grerated for cheli thakali pokhara ...
[ 2025-04-17 10:03:25,150 ] 55 root - INFO - Business id collection...
[ 2025-04-17 10:03:25,151 ] 67 root - INFO - Starting the review pull from rapid api using cheli thakali pokhara:0x399595d3ecb7c927:0x457bf3fa315d25aa
[ 2025-04-17 10:03:34,297 ] 78 root - INFO - Responsed generated for cheli thakali pokhara ...
[ 2025-04-17 10:03:34,298 ] 81 root - INFO - Data list obtained with 0 datas.
[ 2025-04-17 10:03:34,298 ] 91 root - INFO - Collected 0.
[ 2025-04-17 10:03:34,300 ] 7 root - INFO - saving reviews...
[ 2025-04-17 10:03:34,300 ] 110 root - INFO - Reviews for cheli thakali pokhara collected from googlemaps and saved to data\raw\cheli thakali pokhara\google_maps.pkl
[ 2025-04-17 10:03:34,300 ] 27 root - INFO - Review pulled form googlemap sucessfull..
[ 2025-04-17 10:03:34,300 ] 124 root - INFO - Entering into initiate_tripadviser_data_pull.
[ 2025-04-17 10:03:34,301 ] 49 root - INFO - Entered inot  TripAdviserDataPull... 
[ 2025-04-17 10:03:34,301 ] 56 root - INFO - Webdriver option setting sucessfull..
[ 2025-04-17 10:03:43,637 ] 63 root - INFO - Search box found...
[ 2025-04-17 10:03:46,804 ] 68 root - INFO - cheli thakali pokhara entered into search box.
[ 2025-04-17 10:03:50,601 ] 75 root - INFO - TripAdviser link obtained sucessfully..
[ 2025-04-17 10:03:53,281 ] 78 root - INFO - Driver closed...
[ 2025-04-17 10:03:54,850 ] 102 root - INFO - Review captured in buled json...
[ 2025-04-17 10:03:54,850 ] 113 root - INFO - All review collected..
[ 2025-04-17 10:03:54,850 ] 7 root - INFO - saving reviews...
[ 2025-04-17 10:03:54,851 ] 131 root - INFO - Review pulling from TripAdviserDataPull ended sucessfull..
[ 2025-04-17 10:03:54,851 ] 31 root - INFO - Review pulled form tripadviser sucessfull..
[ 2025-04-17 10:03:54,851 ] 34 root - INFO - Data saved in..['data\\raw\\cheli thakali pokhara\\google_maps.pkl', 'data\\raw\\cheli thakali pokhara\\tripadviser.pkl']
[ 2025-04-17 10:03:54,851 ] 69 root - INFO - Initiaiting the clean and get db...
[ 2025-04-17 10:03:54,851 ] 33 root - INFO - Starting get_data method from CleanAndSaveToChromeDBC class.. 
[ 2025-04-17 10:03:54,851 ] 19 root - INFO - Loading reviews started...
[ 2025-04-17 10:03:54,853 ] 19 root - INFO - Loading reviews started...
[ 2025-04-17 10:03:54,874 ] 40 root - INFO - Exisiting get_data
[ 2025-04-17 10:03:54,874 ] 71 root - INFO - 15 revies obtained..
[ 2025-04-17 10:03:54,874 ] 49 root - INFO - Entering in to clean data of CleanAndSaveToChromaDBC class...
[ 2025-04-17 10:03:54,875 ] 58 root - INFO - Exisiting clean data...
[ 2025-04-17 10:03:54,875 ] 73 root - INFO - Cleanned the reviews..
[ 2025-04-17 10:03:54,878 ] 211 sentence_transformers.SentenceTransformer - INFO - Use pytorch device_name: cpu
[ 2025-04-17 10:03:54,878 ] 219 sentence_transformers.SentenceTransformer - INFO - Load pretrained SentenceTransformer: all-MiniLM-L6-v2
[ 2025-04-17 10:03:56,026 ] 77 root - INFO - Reviews converted into vectors....
[ 2025-04-17 10:03:56,109 ] 22 chromadb.telemetry.product.posthog - INFO - Anonymized telemetry enabled. See                     https://docs.trychroma.com/telemetry for more information.
