[ 2025-04-17 09:43:16,976 ] 24 root - INFO - Entering intot data scraper..
[ 2025-04-17 09:43:16,977 ] 103 root - INFO - Start initiate_google_maps_data_pull method .
[ 2025-04-17 09:43:16,977 ] 42 root - INFO - Entering into GoogleMapsDataPull...
[ 2025-04-17 09:43:19,122 ] 52 root - INFO - Responsed grerated for cheli thakali pokhara ...
[ 2025-04-17 09:43:19,123 ] 55 root - INFO - Business id collection...
[ 2025-04-17 09:43:19,126 ] 67 root - INFO - Starting the review pull from rapid api using cheli thakali pokhara:0x399595d3ecb7c927:0x457bf3fa315d25aa
[ 2025-04-17 09:43:27,545 ] 78 root - INFO - Responsed generated for cheli thakali pokhara ...
[ 2025-04-17 09:43:27,546 ] 81 root - INFO - Data list obtained with 0 datas.
[ 2025-04-17 09:43:27,546 ] 91 root - INFO - Collected 0.
[ 2025-04-17 09:43:27,547 ] 7 root - INFO - saving reviews...
[ 2025-04-17 09:43:27,548 ] 110 root - INFO - Reviews for cheli thakali pokhara collected from googlemaps and saved to data\raw\cheli thakali pokhara\google_maps.pkl
[ 2025-04-17 09:43:27,548 ] 27 root - INFO - Review pulled form googlemap sucessfull..
[ 2025-04-17 09:43:27,548 ] 124 root - INFO - Entering into initiate_tripadviser_data_pull.
[ 2025-04-17 09:43:27,548 ] 49 root - INFO - Entered inot  TripAdviserDataPull... 
[ 2025-04-17 09:43:27,548 ] 56 root - INFO - Webdriver option setting sucessfull..
[ 2025-04-17 09:43:52,715 ] 63 root - INFO - Search box found...
[ 2025-04-17 09:43:56,222 ] 68 root - INFO - cheli thakali pokhara entered into search box.
[ 2025-04-17 09:44:00,047 ] 75 root - INFO - TripAdviser link obtained sucessfully..
[ 2025-04-17 09:44:02,565 ] 78 root - INFO - Driver closed...
[ 2025-04-17 09:44:03,967 ] 102 root - INFO - Review captured in buled json...
[ 2025-04-17 09:44:03,967 ] 113 root - INFO - All review collected..
[ 2025-04-17 09:44:03,968 ] 7 root - INFO - saving reviews...
[ 2025-04-17 09:44:03,970 ] 131 root - INFO - Review pulling from TripAdviserDataPull ended sucessfull..
[ 2025-04-17 09:44:03,970 ] 31 root - INFO - Review pulled form tripadviser sucessfull..
[ 2025-04-17 09:44:03,970 ] 34 root - INFO - Data saved in..['data\\raw\\cheli thakali pokhara\\google_maps.pkl', 'data\\raw\\cheli thakali pokhara\\tripadviser.pkl']
